<?xml version="1.0" ?><testsuite name="ru.ifmo.web_lab_3.AreaResultTest" time="0.043" timestamp="2024-04-19T18:00:41" tests="1" failures="0" skipped="0" aborted="0"><properties><property name="dir.classes" value="/Users/vladimir/Desktop/OPI_LAB_3/.build/classes"></property><property name="ant.library.dir" value="/opt/homebrew/Cellar/ant/1.10.14/libexec/lib"></property><property name="ant.file.type" value="file"></property><property name="dir.lib.test" value="/Users/vladimir/Desktop/OPI_LAB_3/lib/test"></property><property name="java.specification.version" value="17"></property><property name="dir.report" value="/Users/vladimir/Desktop/OPI_LAB_3/.report"></property><property name="sun.jnu.encoding" value="UTF-8"></property><property name="java.class.path" value="/opt/homebrew/Cellar/ant/1.10.14/libexec/lib/ant-launcher.jar:/opt/homebrew/share/ant:/opt/homebrew/Cellar/ant/1.10.14/libexec/lib/ant-commons-net.jar:/opt/homebrew/Cellar/ant/1.10.14/libexec/lib/ant-xz.jar:/opt/homebrew/Cellar/ant/1.10.14/libexec/lib/ant-junit4.jar:/opt/homebrew/Cellar/ant/1.10.14/libexec/lib/bcel-6.7.0.jar:/opt/homebrew/Cellar/ant/1.10.14/libexec/lib/ant-jai.jar:/opt/homebrew/Cellar/ant/1.10.14/libexec/lib/ant-apache-resolver.jar:/opt/homebrew/Cellar/ant/1.10.14/libexec/lib/ant-jdepend.jar:/opt/homebrew/Cellar/ant/1.10.14/libexec/lib/ant-apache-regexp.jar:/opt/homebrew/Cellar/ant/1.10.14/libexec/lib/ant-apache-log4j.jar:/opt/homebrew/Cellar/ant/1.10.14/libexec/lib/ant-javamail.jar:/opt/homebrew/Cellar/ant/1.10.14/libexec/lib/ant-apache-bcel.jar:/opt/homebrew/Cellar/ant/1.10.14/libexec/lib/ant.jar:/opt/homebrew/Cellar/ant/1.10.14/libexec/lib/ant-netrexx.jar:/opt/homebrew/Cellar/ant/1.10.14/libexec/lib/ant-swing.jar:/opt/homebrew/Cellar/ant/1.10.14/libexec/lib/ant-jsch.jar:/opt/homebrew/Cellar/ant/1.10.14/libexec/lib/ant-junitlauncher.jar:/opt/homebrew/Cellar/ant/1.10.14/libexec/lib/ivy-2.5.1.jar:/opt/homebrew/Cellar/ant/1.10.14/libexec/lib/ant-jakartamail.jar:/opt/homebrew/Cellar/ant/1.10.14/libexec/lib/ant-junit.jar:/opt/homebrew/Cellar/ant/1.10.14/libexec/lib/ant-imageio.jar:/opt/homebrew/Cellar/ant/1.10.14/libexec/lib/ant-launcher.jar:/opt/homebrew/Cellar/ant/1.10.14/libexec/lib/ant-antlr.jar:/opt/homebrew/Cellar/ant/1.10.14/libexec/lib/ant-testutil.jar:/opt/homebrew/Cellar/ant/1.10.14/libexec/lib/ant-apache-oro.jar:/opt/homebrew/Cellar/ant/1.10.14/libexec/lib/ant-jmf.jar:/opt/homebrew/Cellar/ant/1.10.14/libexec/lib/ant-apache-xalan2.jar:/opt/homebrew/Cellar/ant/1.10.14/libexec/lib/ant-apache-bsf.jar:/opt/homebrew/Cellar/ant/1.10.14/libexec/lib/ant-commons-logging.jar"></property><property name="project.name" value="OPI_LAB_3"></property><property name="java.vm.vendor" value="Oracle Corporation"></property><property name="sun.arch.data.model" value="64"></property><property name="dir.src.test" value="/Users/vladimir/Desktop/OPI_LAB_3/src/test"></property><property name="java.vendor.url" value="https://java.oracle.com/"></property><property name="java.vm.specification.version" value="17"></property><property name="os.name" value="Mac OS X"></property><property name="sun.java.launcher" value="SUN_STANDARD"></property><property name="user.country" value="RU"></property><property name="sun.boot.library.path" value="/Library/Java/JavaVirtualMachines/jdk-17.0.5.jdk/Contents/Home/lib"></property><property name="sun.java.command" value="org.apache.tools.ant.launch.Launcher -cp  -lib /opt/homebrew/share/ant report"></property><property name="http.nonProxyHosts" value="local|*.local|169.254/16|*.169.254/16"></property><property name="jdk.debug" value="release"></property><property name="sun.cpu.endian" value="little"></property><property name="user.home" value="/Users/vladimir"></property><property name="user.language" value="ru"></property><property name="sun.stderr.encoding" value="UTF-8"></property><property name="java.specification.vendor" value="Oracle Corporation"></property><property name="project.version" value="1.0"></property><property name="java.version.date" value="2022-10-18"></property><property name="java.home" value="/Library/Java/JavaVirtualMachines/jdk-17.0.5.jdk/Contents/Home"></property><property name="dir.tests" value="/Users/vladimir/Desktop/OPI_LAB_3/.build/tests"></property><property name="basedir" value="/Users/vladimir/Desktop/OPI_LAB_3"></property><property name="file.separator" value="/"></property><property name="java.vm.compressedOopsMode" value="Zero based"></property><property name="sun.stdout.encoding" value="UTF-8"></property><property name="line.separator" value="
"></property><property name="ant.java.version" value="17"></property><property name="java.specification.name" value="Java Platform API Specification"></property><property name="java.vm.specification.vendor" value="Oracle Corporation"></property><property name="sun.management.compiler" value="HotSpot 64-Bit Tiered Compilers"></property><property name="ftp.nonProxyHosts" value="local|*.local|169.254/16|*.169.254/16"></property><property name="java.runtime.version" value="17.0.5+9-LTS-191"></property><property name="user.name" value="vladimir"></property><property name="ant.file" value="/Users/vladimir/Desktop/OPI_LAB_3/build.xml"></property><property name="path.separator" value=":"></property><property name="dir.src.main" value="/Users/vladimir/Desktop/OPI_LAB_3/src/main"></property><property name="os.version" value="13.6.3"></property><property name="java.runtime.name" value="Java(TM) SE Runtime Environment"></property><property name="file.encoding" value="UTF-8"></property><property name="ant.project.invoked-targets" value="test"></property><property name="dir.lib.main" value="/Users/vladimir/Desktop/OPI_LAB_3/lib/main"></property><property name="java.vm.name" value="Java HotSpot(TM) 64-Bit Server VM"></property><property name="dir.lib" value="lib"></property><property name="dir.main" value="/Users/vladimir/Desktop/OPI_LAB_3/src/main"></property><property name="ant.core.lib" value="/opt/homebrew/Cellar/ant/1.10.14/libexec/lib/ant.jar"></property><property name="java.vendor.url.bug" value="https://bugreport.java.com/bugreport/"></property><property name="java.io.tmpdir" value="/var/folders/d0/cvvkg4_x1ng5h6frlgnkr1j40000gn/T/"></property><property name="java.version" value="17.0.5"></property><property name="dir.resources" value="/Users/vladimir/Desktop/OPI_LAB_3/src/main/resources"></property><property name="user.dir" value="/Users/vladimir/Desktop/OPI_LAB_3"></property><property name="os.arch" value="aarch64"></property><property name="dir.test.result" value="/Users/vladimir/Desktop/OPI_LAB_3/.build/testsResult"></property><property name="java.vm.specification.name" value="Java Virtual Machine Specification"></property><property name="ant.home" value="/opt/homebrew/Cellar/ant/1.10.14/libexec"></property><property name="native.encoding" value="UTF-8"></property><property name="ant.version" value="Apache Ant(TM) version 1.10.14 compiled on August 16 2023"></property><property name="java.library.path" value="/Users/vladimir/Library/Java/Extensions:/Library/Java/Extensions:/Network/Library/Java/Extensions:/System/Library/Java/Extensions:/usr/lib/java:."></property><property name="java.vendor" value="Oracle Corporation"></property><property name="java.vm.info" value="mixed mode, sharing"></property><property name="java.vm.version" value="17.0.5+9-LTS-191"></property><property name="sun.io.unicode.encoding" value="UnicodeBig"></property><property name="dir.src" value="/Users/vladimir/Desktop/OPI_LAB_3/src"></property><property name="dir.build" value="/Users/vladimir/Desktop/OPI_LAB_3/.build"></property><property name="dir.webapp" value="/Users/vladimir/Desktop/OPI_LAB_3/src/main/webapp"></property><property name="socksNonProxyHosts" value="local|*.local|169.254/16|*.169.254/16"></property><property name="java.class.version" value="61.0"></property><property name="ant.project.default-target" value="compile"></property></properties><testcase classname="ru.ifmo.web_lab_3.AreaResultTest" name="getResult()" time="0.006"></testcase></testsuite>